21:33:59.131 [main] INFO  test_user.testUser - ************* create user **********
21:33:59.325 [main] INFO  test_user.testUser - ************* get user **********
21:33:59.649 [main] INFO  test_user.testUser - ************* up date  user **********
21:33:59.823 [main] INFO  test_user.testUser - ************* delete  user **********
21:40:33.037 [main] INFO  test_user.testUser - ************* create user **********
21:40:33.042 [main] DEBUG test_user.testUser - debugging
21:40:33.284 [main] INFO  test_user.testUser - ************* get user **********
21:40:33.284 [main] DEBUG test_user.testUser - debugging
21:40:33.691 [main] INFO  test_user.testUser - ************* up date  user **********
21:40:33.691 [main] DEBUG test_user.testUser - debugging
21:40:33.911 [main] INFO  test_user.testUser - ************* delete  user **********
21:40:33.911 [main] DEBUG test_user.testUser - debugging
21:50:06.256 [main] INFO  test_user.testUser - ************* Setup Data Completed **********
21:50:06.262 [main] DEBUG test_user.testUser - Generated User Payload: payload.api.User@553da911
21:50:08.926 [main] INFO  test_user.testUser - ************* Create User Test Executed **********
21:50:08.926 [main] DEBUG test_user.testUser - Response Status Code: 200
21:50:09.142 [main] INFO  test_user.testUser - ************* Get User Test Executed **********
21:50:09.143 [main] DEBUG test_user.testUser - Response Status Code: 200
21:50:09.510 [main] INFO  test_user.testUser - ************* Update User Test Executed **********
21:50:09.510 [main] DEBUG test_user.testUser - Response Status Code: 200
21:50:09.510 [main] DEBUG test_user.testUser - Updated User Payload: payload.api.User@553da911
21:50:09.671 [main] INFO  test_user.testUser - ************* Delete User Test Executed **********
21:50:09.671 [main] DEBUG test_user.testUser - Response Status Code: 200
20:35:44.418 [main] INFO  test_user.testUser - ************* Setup Data Completed **********
20:35:44.424 [main] DEBUG test_user.testUser - Generated User Payload: payload.api.User@63f6bed1
20:35:47.368 [main] INFO  test_user.testUser - ************* Create User Test Executed **********
20:35:47.369 [main] DEBUG test_user.testUser - Response Status Code: 200
20:35:47.555 [main] INFO  test_user.testUser - ************* Get User Test Executed **********
20:35:47.555 [main] DEBUG test_user.testUser - Response Status Code: 200
20:35:47.893 [main] INFO  test_user.testUser - ************* Update User Test Executed **********
20:35:47.894 [main] DEBUG test_user.testUser - Response Status Code: 200
20:35:47.894 [main] DEBUG test_user.testUser - Updated User Payload: payload.api.User@63f6bed1
20:35:48.063 [main] INFO  test_user.testUser - ************* Delete User Test Executed **********
20:35:48.063 [main] DEBUG test_user.testUser - Response Status Code: 200
20:59:53.681 [main] INFO  test_user.testUser - ************* Setup Data Completed **********
20:59:53.686 [main] DEBUG test_user.testUser - Generated User Payload: payload.api.User@115ca7de
20:59:56.801 [main] INFO  test_user.testUser - ************* Create User Test Executed **********
20:59:56.802 [main] DEBUG test_user.testUser - Response Status Code: 200
20:59:56.977 [main] INFO  test_user.testUser - ************* Get User Test Executed **********
20:59:56.978 [main] DEBUG test_user.testUser - Response Status Code: 200
20:59:57.307 [main] INFO  test_user.testUser - ************* Update User Test Executed **********
20:59:57.307 [main] DEBUG test_user.testUser - Response Status Code: 200
20:59:57.307 [main] DEBUG test_user.testUser - Updated User Payload: payload.api.User@115ca7de
20:59:57.475 [main] INFO  test_user.testUser - ************* Delete User Test Executed **********
20:59:57.475 [main] DEBUG test_user.testUser - Response Status Code: 200
21:03:10.469 [main] INFO  test_user.testUser - ************* Setup Data Completed **********
21:03:10.475 [main] DEBUG test_user.testUser - Generated User Payload: payload.api.User@2693c618
21:03:13.148 [main] INFO  test_user.testUser - ************* Create User Test Executed **********
21:03:13.149 [main] DEBUG test_user.testUser - Response Status Code: 200
21:03:13.335 [main] INFO  test_user.testUser - ************* Get User Test Executed **********
21:03:13.335 [main] DEBUG test_user.testUser - Response Status Code: 200
21:03:13.669 [main] INFO  test_user.testUser - ************* Update User Test Executed **********
21:03:13.670 [main] DEBUG test_user.testUser - Response Status Code: 200
21:03:13.670 [main] DEBUG test_user.testUser - Updated User Payload: payload.api.User@2693c618
21:03:13.843 [main] INFO  test_user.testUser - ************* Delete User Test Executed **********
21:03:13.844 [main] DEBUG test_user.testUser - Response Status Code: 200
22:48:15.082 [main] INFO  test_user.testUser - ************* Setup Data Completed **********
22:48:15.086 [main] DEBUG test_user.testUser - Generated User Payload: payload.api.User@3aed69dd
22:48:18.357 [main] INFO  test_user.testUser - ************* Create User Test Executed **********
22:48:18.357 [main] DEBUG test_user.testUser - Response Status Code: 200
22:48:18.580 [main] INFO  test_user.testUser - ************* Get User Test Executed **********
22:48:18.580 [main] DEBUG test_user.testUser - Response Status Code: 200
22:48:18.926 [main] INFO  test_user.testUser - ************* Update User Test Executed **********
22:48:18.926 [main] DEBUG test_user.testUser - Response Status Code: 200
22:48:18.926 [main] DEBUG test_user.testUser - Updated User Payload: payload.api.User@3aed69dd
22:48:19.092 [main] INFO  test_user.testUser - ************* Delete User Test Executed **********
22:48:19.092 [main] DEBUG test_user.testUser - Response Status Code: 200
22:49:26.074 [main] INFO  test_user.testUser - ************* Setup Data Completed **********
22:49:26.080 [main] DEBUG test_user.testUser - Generated User Payload: payload.api.User@6a15b73
22:49:28.547 [main] INFO  test_user.testUser - ************* Create User Test Executed **********
22:49:28.547 [main] DEBUG test_user.testUser - Response Status Code: 200
22:49:28.746 [main] INFO  test_user.testUser - ************* Get User Test Executed **********
22:49:28.747 [main] DEBUG test_user.testUser - Response Status Code: 200
22:49:29.079 [main] INFO  test_user.testUser - ************* Update User Test Executed **********
22:49:29.079 [main] DEBUG test_user.testUser - Response Status Code: 200
22:49:29.079 [main] DEBUG test_user.testUser - Updated User Payload: payload.api.User@6a15b73
22:49:29.248 [main] INFO  test_user.testUser - ************* Delete User Test Executed **********
22:49:29.248 [main] DEBUG test_user.testUser - Response Status Code: 200
